Base path: C:/Program Files/Unity/Editor/Data
Pipe name: \\.\pipe\UnityShaderCompiler-64bit-1-4112
Cmd: getPlatforms
Cmd: preprocess
  insize=452 outsize=452 ok=1
Cmd: preprocess
  insize=1097 outsize=1052 ok=1
Cmd: compileSnippet
  api=4 type=0 insize=6961 outsize=3265 kw=DIRECTIONAL SHADOWS_OFF LIGHTMAP_OFF DIRLIGHTMAP_OFF DYNAMICLIGHTMAP_OFF ok=1
Cmd: compileSnippet
  api=4 type=1 insize=6961 outsize=1453 kw=DIRECTIONAL SHADOWS_OFF LIGHTMAP_OFF DIRLIGHTMAP_OFF DYNAMICLIGHTMAP_OFF ok=1
Cmd: compileSnippet
  api=4 type=0 insize=3932 outsize=2737 kw=POINT ok=1
Cmd: compileSnippet
  api=4 type=1 insize=3932 outsize=2135 kw=POINT ok=1
Cmd: compileSnippet
  api=4 type=0 insize=3350 outsize=2087 kw= ok=1
Cmd: compileSnippet
  api=4 type=1 insize=3350 outsize=1250 kw= ok=1
Cmd: preprocess
  insize=1423 outsize=670 ok=1
Cmd: compileSnippet
  api=4 type=0 insize=1059 outsize=1753 kw= ok=1
Cmd: compileSnippet
  api=4 type=1 insize=1059 outsize=502 kw= ok=1
Cmd: preprocess
  insize=1373 outsize=404 ok=1
Cmd: compileSnippet
  api=4 type=0 insize=1271 outsize=1461 kw= ok=1
Cmd: compileSnippet
  api=4 type=1 insize=1271 outsize=1071 kw= ok=1
Cmd: compileSnippet
  api=4 type=0 insize=3932 outsize=2737 kw=DIRECTIONAL ok=1
Cmd: compileSnippet
  api=4 type=1 insize=3932 outsize=1355 kw=DIRECTIONAL ok=1
